[debug] [2021-10-31T09:00:35.843Z] ----------------------------------------------------------------------
[debug] [2021-10-31T09:00:35.846Z] Command:       C:\Program Files\nodejs\node.exe C:\Users\buigi\AppData\Roaming\npm\node_modules\firebase-tools\lib\bin\firebase.js init
[debug] [2021-10-31T09:00:35.847Z] CLI Version:   9.21.0
[debug] [2021-10-31T09:00:35.847Z] Platform:      win32
[debug] [2021-10-31T09:00:35.847Z] Node Version:  v16.8.0
[debug] [2021-10-31T09:00:35.847Z] Time:          Sun Oct 31 2021 16:00:35 GMT+0700 (Indochina Time)
[debug] [2021-10-31T09:00:35.848Z] ----------------------------------------------------------------------
[debug] 
[debug] [2021-10-31T09:00:35.916Z] > command requires scopes: ["email","openid","https://www.googleapis.com/auth/cloudplatformprojects.readonly","https://www.googleapis.com/auth/firebase","https://www.googleapis.com/auth/cloud-platform"]
[debug] [2021-10-31T09:00:35.917Z] > authorizing via signed-in user (buigiangquynh@gmail.com)
[info] 
     ######## #### ########  ######## ########     ###     ######  ########
     ##        ##  ##     ## ##       ##     ##  ##   ##  ##       ##
     ######    ##  ########  ######   ########  #########  ######  ######
     ##        ##  ##    ##  ##       ##     ## ##     ##       ## ##
     ##       #### ##     ## ######## ########  ##     ##  ######  ########

You're about to initialize a Firebase project in this directory:

  C:\Users\buigi\OneDrive\Desktop\ViewGame

Before we get started, keep in mind:

  * You are initializing within an existing Firebase project directory

[info] 
=== Project Setup
[info] 
[info] First, let's associate this project directory with a Firebase project.
[info] You can create multiple project aliases by running firebase use --add, 
[info] but for now we'll just set up a default project.
[info] 
[info] i  .firebaserc already has a default project, using chatdemo-c001f. 
[debug] [2021-10-31T09:00:40.845Z] >>> [apiv2][query] GET https://firebase.googleapis.com/v1beta1/projects/chatdemo-c001f [none]
[debug] [2021-10-31T09:00:41.542Z] <<< [apiv2][status] GET https://firebase.googleapis.com/v1beta1/projects/chatdemo-c001f 403
[debug] [2021-10-31T09:00:41.543Z] <<< [apiv2][body] GET https://firebase.googleapis.com/v1beta1/projects/chatdemo-c001f {"error":{"code":403,"message":"The caller does not have permission","status":"PERMISSION_DENIED"}}
[debug] [2021-10-31T09:00:41.544Z] HTTP Error: 403, The caller does not have permission
[debug] [2021-10-31T09:00:41.797Z] FirebaseError: HTTP Error: 403, The caller does not have permission
    at module.exports (C:\Users\buigi\AppData\Roaming\npm\node_modules\firebase-tools\lib\responseToError.js:38:12)
    at Client.doRequest (C:\Users\buigi\AppData\Roaming\npm\node_modules\firebase-tools\lib\apiv2.js:240:23)
    at processTicksAndRejections (node:internal/process/task_queues:96:5)
    at async Client.request (C:\Users\buigi\AppData\Roaming\npm\node_modules\firebase-tools\lib\apiv2.js:96:20)
    at async Object.getFirebaseProject (C:\Users\buigi\AppData\Roaming\npm\node_modules\firebase-tools\lib\management\projects.js:290:21)
    at async Object.doSetup [as project] (C:\Users\buigi\AppData\Roaming\npm\node_modules\firebase-tools\lib\init\features\project.js:77:27)
    at async init (C:\Users\buigi\AppData\Roaming\npm\node_modules\firebase-tools\lib\init\index.js:19:9)
[error] 
[error] Error: Failed to get Firebase project chatdemo-c001f. Please make sure the project exists and your account has permission to access it.
